[2018-09-06 12:10:37.936] [exthost1] [info] extension host started
[2018-09-06 12:10:37.969] [exthost1] [info] ExtensionService#_doActivateExtension vscode.debug-auto-launch {"startup":true,"activationEvent":"*"}
[2018-09-06 12:10:37.969] [exthost1] [info] ExtensionService#loadCommonJSModule h:\Portable_VSCode\Binaries\resources\app\extensions\debug-auto-launch\out\extension
[2018-09-06 12:10:38.007] [exthost1] [info] ExtensionService#_doActivateExtension vscode.emmet {"startup":true,"activationEvent":"*"}
[2018-09-06 12:10:38.007] [exthost1] [info] ExtensionService#loadCommonJSModule h:\Portable_VSCode\Binaries\resources\app\extensions\emmet\dist\extension
[2018-09-06 12:10:38.054] [exthost1] [info] ExtensionService#_doActivateExtension vscode.git {"startup":true,"activationEvent":"*"}
[2018-09-06 12:10:38.054] [exthost1] [info] ExtensionService#loadCommonJSModule h:\Portable_VSCode\Binaries\resources\app\extensions\git\dist\main
[2018-09-06 12:10:38.849] [exthost1] [info] ExtensionService#_doActivateExtension vscode.merge-conflict {"startup":true,"activationEvent":"*"}
[2018-09-06 12:10:38.849] [exthost1] [info] ExtensionService#loadCommonJSModule h:\Portable_VSCode\Binaries\resources\app\extensions\merge-conflict\out\extension
[2018-09-06 12:10:38.957] [exthost1] [info] ExtensionService#_doActivateExtension vscode.search-rg {"startup":true,"activationEvent":"*"}
[2018-09-06 12:10:38.957] [exthost1] [info] ExtensionService#loadCommonJSModule h:\Portable_VSCode\Binaries\resources\app\extensions\search-rg\out\extension
[2018-09-06 12:10:39.018] [exthost1] [info] ExtensionService#_doActivateExtension ms-vsliveshare.vsliveshare {"startup":true,"activationEvent":"*"}
[2018-09-06 12:10:39.018] [exthost1] [info] ExtensionService#loadCommonJSModule H:\Portable_VSCode\Binaries\data\extensions\ms-vsliveshare.vsliveshare-0.3.623\out\src\extension
[2018-09-06 12:10:45.112] [exthost1] [info] ExtensionService#_doActivateExtension ritwickdey.LiveServer {"startup":true,"activationEvent":"*"}
[2018-09-06 12:10:45.112] [exthost1] [info] ExtensionService#loadCommonJSModule H:\Portable_VSCode\Binaries\data\extensions\ritwickdey.liveserver-5.1.1\out\src\extension
[2018-09-06 12:10:48.226] [exthost1] [info] ExtensionService#_doActivateExtension streetsidesoftware.code-spell-checker {"startup":true,"activationEvent":"*"}
[2018-09-06 12:10:48.226] [exthost1] [info] ExtensionService#loadCommonJSModule H:\Portable_VSCode\Binaries\data\extensions\streetsidesoftware.code-spell-checker-1.6.10\out\src\extension
[2018-09-06 12:10:49.875] [exthost1] [info] eager extensions activated
[2018-09-06 12:10:57.205] [exthost1] [info] extension host started
[2018-09-06 12:10:57.319] [exthost1] [info] ExtensionService#_doActivateExtension vscode.debug-auto-launch {"startup":true,"activationEvent":"*"}
[2018-09-06 12:10:57.319] [exthost1] [info] ExtensionService#loadCommonJSModule h:\Portable_VSCode\Binaries\resources\app\extensions\debug-auto-launch\out\extension
[2018-09-06 12:10:57.360] [exthost1] [info] ExtensionService#_doActivateExtension vscode.emmet {"startup":true,"activationEvent":"*"}
[2018-09-06 12:10:57.360] [exthost1] [info] ExtensionService#loadCommonJSModule h:\Portable_VSCode\Binaries\resources\app\extensions\emmet\dist\extension
[2018-09-06 12:10:57.401] [exthost1] [info] ExtensionService#_doActivateExtension vscode.git {"startup":true,"activationEvent":"*"}
[2018-09-06 12:10:57.401] [exthost1] [info] ExtensionService#loadCommonJSModule h:\Portable_VSCode\Binaries\resources\app\extensions\git\dist\main
[2018-09-06 12:10:58.371] [exthost1] [info] ExtensionService#_doActivateExtension vscode.merge-conflict {"startup":true,"activationEvent":"*"}
[2018-09-06 12:10:58.371] [exthost1] [info] ExtensionService#loadCommonJSModule h:\Portable_VSCode\Binaries\resources\app\extensions\merge-conflict\out\extension
[2018-09-06 12:10:58.497] [exthost1] [info] ExtensionService#_doActivateExtension vscode.search-rg {"startup":true,"activationEvent":"*"}
[2018-09-06 12:10:58.497] [exthost1] [info] ExtensionService#loadCommonJSModule h:\Portable_VSCode\Binaries\resources\app\extensions\search-rg\out\extension
[2018-09-06 12:10:58.579] [exthost1] [info] ExtensionService#_doActivateExtension ms-vsliveshare.vsliveshare {"startup":true,"activationEvent":"*"}
[2018-09-06 12:10:58.579] [exthost1] [info] ExtensionService#loadCommonJSModule H:\Portable_VSCode\Binaries\data\extensions\ms-vsliveshare.vsliveshare-0.3.623\out\src\extension
[2018-09-06 12:11:04.850] [exthost1] [info] ExtensionService#_doActivateExtension ritwickdey.LiveServer {"startup":true,"activationEvent":"*"}
[2018-09-06 12:11:04.850] [exthost1] [info] ExtensionService#loadCommonJSModule H:\Portable_VSCode\Binaries\data\extensions\ritwickdey.liveserver-5.1.1\out\src\extension
[2018-09-06 12:11:08.130] [exthost1] [info] ExtensionService#_doActivateExtension streetsidesoftware.code-spell-checker {"startup":true,"activationEvent":"*"}
[2018-09-06 12:11:08.130] [exthost1] [info] ExtensionService#loadCommonJSModule H:\Portable_VSCode\Binaries\data\extensions\streetsidesoftware.code-spell-checker-1.6.10\out\src\extension
[2018-09-06 12:11:09.695] [exthost1] [info] eager extensions activated
[2018-09-06 12:11:36.649] [exthost1] [info] ExtensionService#_doActivateExtension vscode.configuration-editing {"startup":false,"activationEvent":"onLanguage:jsonc"}
[2018-09-06 12:11:36.649] [exthost1] [info] ExtensionService#loadCommonJSModule h:\Portable_VSCode\Binaries\resources\app\extensions\configuration-editing\out\extension
[2018-09-06 12:11:36.759] [exthost1] [info] ExtensionService#_doActivateExtension vscode.json-language-features {"startup":false,"activationEvent":"onLanguage:jsonc"}
[2018-09-06 12:11:36.759] [exthost1] [info] ExtensionService#loadCommonJSModule h:\Portable_VSCode\Binaries\resources\app\extensions\json-language-features\client\dist\jsonMain
[2018-09-06 12:11:37.668] [exthost1] [info] ExtensionService#_doActivateExtension vscode.typescript-language-features {"startup":false,"activationEvent":"onLanguage:jsonc"}
[2018-09-06 12:11:37.668] [exthost1] [info] ExtensionService#loadCommonJSModule h:\Portable_VSCode\Binaries\resources\app\extensions\typescript-language-features\dist\extension
