[2018-09-06 11:56:31.289] [exthost3] [info] extension host started
[2018-09-06 11:56:31.327] [exthost3] [info] ExtensionService#_doActivateExtension vscode.debug-auto-launch {"startup":true,"activationEvent":"*"}
[2018-09-06 11:56:31.327] [exthost3] [info] ExtensionService#loadCommonJSModule h:\Visual Studio Code\Binaries\resources\app\extensions\debug-auto-launch\out\extension
[2018-09-06 11:56:31.365] [exthost3] [info] ExtensionService#_doActivateExtension vscode.emmet {"startup":true,"activationEvent":"*"}
[2018-09-06 11:56:31.365] [exthost3] [info] ExtensionService#loadCommonJSModule h:\Visual Studio Code\Binaries\resources\app\extensions\emmet\dist\extension
[2018-09-06 11:56:31.401] [exthost3] [info] ExtensionService#_doActivateExtension vscode.git {"startup":true,"activationEvent":"*"}
[2018-09-06 11:56:31.401] [exthost3] [info] ExtensionService#loadCommonJSModule h:\Visual Studio Code\Binaries\resources\app\extensions\git\dist\main
[2018-09-06 11:56:32.171] [exthost3] [info] ExtensionService#_doActivateExtension vscode.merge-conflict {"startup":true,"activationEvent":"*"}
[2018-09-06 11:56:32.171] [exthost3] [info] ExtensionService#loadCommonJSModule h:\Visual Studio Code\Binaries\resources\app\extensions\merge-conflict\out\extension
[2018-09-06 11:56:32.272] [exthost3] [info] ExtensionService#_doActivateExtension vscode.search-rg {"startup":true,"activationEvent":"*"}
[2018-09-06 11:56:32.272] [exthost3] [info] ExtensionService#loadCommonJSModule h:\Visual Studio Code\Binaries\resources\app\extensions\search-rg\out\extension
[2018-09-06 11:56:32.323] [exthost3] [info] ExtensionService#_doActivateExtension ms-vsliveshare.vsliveshare {"startup":true,"activationEvent":"*"}
[2018-09-06 11:56:32.323] [exthost3] [info] ExtensionService#loadCommonJSModule H:\Visual Studio Code\Binaries\data\extensions\ms-vsliveshare.vsliveshare-0.3.623\out\src\extension
[2018-09-06 11:56:38.591] [exthost3] [info] ExtensionService#_doActivateExtension ritwickdey.LiveServer {"startup":true,"activationEvent":"*"}
[2018-09-06 11:56:38.591] [exthost3] [info] ExtensionService#loadCommonJSModule H:\Visual Studio Code\Binaries\data\extensions\ritwickdey.liveserver-5.1.1\out\src\extension
[2018-09-06 11:56:41.683] [exthost3] [info] ExtensionService#_doActivateExtension streetsidesoftware.code-spell-checker {"startup":true,"activationEvent":"*"}
[2018-09-06 11:56:41.683] [exthost3] [info] ExtensionService#loadCommonJSModule H:\Visual Studio Code\Binaries\data\extensions\streetsidesoftware.code-spell-checker-1.6.10\out\src\extension
[2018-09-06 11:56:43.090] [exthost3] [info] eager extensions activated
[2018-09-06 11:56:43.695] [exthost3] [info] ExtensionService#_doActivateExtension vscode.html-language-features {"startup":false,"activationEvent":"onLanguage:html"}
[2018-09-06 11:56:43.695] [exthost3] [info] ExtensionService#loadCommonJSModule h:\Visual Studio Code\Binaries\resources\app\extensions\html-language-features\client\dist\htmlMain
