[2018-09-06 11:57:57.251] [renderer4] [info] no standard startup: not just one window
[2018-09-06 11:58:13.517] [renderer4] [error] No search provider registered for scheme: vsls: Error: No search provider registered for scheme: vsls
    at file:///H:/Visual Studio Code/Binaries/resources/app/out/vs/workbench/workbench.main.js:4544:824
    at Array.forEach (<anonymous>)
    at t.searchWithProviders (file:///H:/Visual Studio Code/Binaries/resources/app/out/vs/workbench/workbench.main.js:4544:599)
    at file:///H:/Visual Studio Code/Binaries/resources/app/out/vs/workbench/workbench.main.js:4543:627
    at n.Class.derive._creator.then (file:///H:/Visual Studio Code/Binaries/resources/app/out/vs/workbench/workbench.main.js:161:366)
    at file:///H:/Visual Studio Code/Binaries/resources/app/out/vs/workbench/workbench.main.js:4543:602
    at new n.Class.derive._oncancel (file:///H:/Visual Studio Code/Binaries/resources/app/out/vs/workbench/workbench.main.js:161:625)
    at t.search (file:///H:/Visual Studio Code/Binaries/resources/app/out/vs/workbench/workbench.main.js:4543:54)
    at e.$startFileSearch (file:///H:/Visual Studio Code/Binaries/resources/app/out/vs/workbench/workbench.main.js:5050:883)
    at e._doInvokeHandler (file:///H:/Visual Studio Code/Binaries/resources/app/out/vs/workbench/workbench.main.js:3235:593)
    at e._invokeHandler (file:///H:/Visual Studio Code/Binaries/resources/app/out/vs/workbench/workbench.main.js:3235:311)
    at e._receiveRequest (file:///H:/Visual Studio Code/Binaries/resources/app/out/vs/workbench/workbench.main.js:3234:129)
    at e._receiveOneMessage (file:///H:/Visual Studio Code/Binaries/resources/app/out/vs/workbench/workbench.main.js:3233:270)
    at file:///H:/Visual Studio Code/Binaries/resources/app/out/vs/workbench/workbench.main.js:3232:74
    at e.fire (file:///H:/Visual Studio Code/Binaries/resources/app/out/vs/workbench/workbench.main.js:175:76)
    at a (file:///H:/Visual Studio Code/Binaries/resources/app/out/vs/workbench/workbench.main.js:311:740)
    at Socket.n._socketDataListener (file:///H:/Visual Studio Code/Binaries/resources/app/out/vs/workbench/workbench.main.js:311:959)
    at emitOne (events.js:116:13)
    at Socket.emit (events.js:211:7)
    at addChunk (_stream_readable.js:263:12)
    at readableAddChunk (_stream_readable.js:250:11)
    at Socket.Readable.push (_stream_readable.js:208:10)
    at Pipe.onread (net.js:594:20)
[2018-09-06 11:58:15.192] [renderer4] [error] ENOENT: no such file or directory, unlink 'H:\Visual Studio Code\Binaries\data\extensions\ms-vsliveshare.vsliveshare-0.3.623\cascade.json': Error: ENOENT: no such file or directory, unlink 'H:\Visual Studio Code\Binaries\data\extensions\ms-vsliveshare.vsliveshare-0.3.623\cascade.json'
[2018-09-06 11:58:24.994] [renderer4] [error] cannot open vsls:/index.html. Detail: File is directory: Error: cannot open vsls:/index.html. Detail: File is directory
    at file:///H:/Visual Studio Code/Binaries/resources/app/out/vs/workbench/workbench.main.js:4278:662
    at Object.v [as _notify] (file:///H:/Visual Studio Code/Binaries/resources/app/out/vs/workbench/workbench.main.js:155:302)
    at Object.enter (file:///H:/Visual Studio Code/Binaries/resources/app/out/vs/workbench/workbench.main.js:158:568)
    at n.Class.derive._creator._run (file:///H:/Visual Studio Code/Binaries/resources/app/out/vs/workbench/workbench.main.js:159:902)
    at n.Class.derive._creator._chainedError (file:///H:/Visual Studio Code/Binaries/resources/app/out/vs/workbench/workbench.main.js:159:261)
    at n (file:///H:/Visual Studio Code/Binaries/resources/app/out/vs/workbench/workbench.main.js:157:40)
    at n.Class.define.cancel.then (file:///H:/Visual Studio Code/Binaries/resources/app/out/vs/workbench/workbench.main.js:160:736)
    at Object.enter (file:///H:/Visual Studio Code/Binaries/resources/app/out/vs/workbench/workbench.main.js:157:109)
    at n.Class.derive._creator._run (file:///H:/Visual Studio Code/Binaries/resources/app/out/vs/workbench/workbench.main.js:159:902)
    at n.Class.derive._creator._setCompleteValue (file:///H:/Visual Studio Code/Binaries/resources/app/out/vs/workbench/workbench.main.js:159:596)
    at Object.v [as _notify] (file:///H:/Visual Studio Code/Binaries/resources/app/out/vs/workbench/workbench.main.js:155:284)
    at Object.enter (file:///H:/Visual Studio Code/Binaries/resources/app/out/vs/workbench/workbench.main.js:158:568)
    at n.Class.derive._creator._run (file:///H:/Visual Studio Code/Binaries/resources/app/out/vs/workbench/workbench.main.js:159:902)
    at n.Class.derive._creator._chainedError (file:///H:/Visual Studio Code/Binaries/resources/app/out/vs/workbench/workbench.main.js:159:261)
    at n (file:///H:/Visual Studio Code/Binaries/resources/app/out/vs/workbench/workbench.main.js:157:40)
    at n.Class.define.cancel.then (file:///H:/Visual Studio Code/Binaries/resources/app/out/vs/workbench/workbench.main.js:160:736)
    at Object.enter (file:///H:/Visual Studio Code/Binaries/resources/app/out/vs/workbench/workbench.main.js:157:109)
    at n.Class.derive._creator._run (file:///H:/Visual Studio Code/Binaries/resources/app/out/vs/workbench/workbench.main.js:159:902)
    at n.Class.derive._creator._setCompleteValue (file:///H:/Visual Studio Code/Binaries/resources/app/out/vs/workbench/workbench.main.js:159:596)
    at Object.v [as _notify] (file:///H:/Visual Studio Code/Binaries/resources/app/out/vs/workbench/workbench.main.js:155:284)
    at Object.enter (file:///H:/Visual Studio Code/Binaries/resources/app/out/vs/workbench/workbench.main.js:158:568)
    at n.Class.derive._creator._run (file:///H:/Visual Studio Code/Binaries/resources/app/out/vs/workbench/workbench.main.js:159:902)
    at n.Class.derive._creator._chainedError (file:///H:/Visual Studio Code/Binaries/resources/app/out/vs/workbench/workbench.main.js:159:261)
    at n (file:///H:/Visual Studio Code/Binaries/resources/app/out/vs/workbench/workbench.main.js:157:40)
    at n.Class.define.cancel.then (file:///H:/Visual Studio Code/Binaries/resources/app/out/vs/workbench/workbench.main.js:160:736)
    at Object.enter (file:///H:/Visual Studio Code/Binaries/resources/app/out/vs/workbench/workbench.main.js:157:109)
    at n.Class.derive._creator._run (file:///H:/Visual Studio Code/Binaries/resources/app/out/vs/workbench/workbench.main.js:159:902)
    at n.Class.derive._creator._setCompleteValue (file:///H:/Visual Studio Code/Binaries/resources/app/out/vs/workbench/workbench.main.js:159:596)
    at Object.v [as _notify] (file:///H:/Visual Studio Code/Binaries/resources/app/out/vs/workbench/workbench.main.js:155:284)
    at Object.enter (file:///H:/Visual Studio Code/Binaries/resources/app/out/vs/workbench/workbench.main.js:158:61)
    at n.Class.derive._oncancel._run (file:///H:/Visual Studio Code/Binaries/resources/app/out/vs/workbench/workbench.main.js:159:902)
    at n.Class.derive._oncancel._completed (file:///H:/Visual Studio Code/Binaries/resources/app/out/vs/workbench/workbench.main.js:159:343)
    at l (file:///H:/Visual Studio Code/Binaries/resources/app/out/vs/workbench/workbench.main.js:162:855)
    at n.Class.derive.join.r.forEach.j.then.o.(anonymous function) (file:///H:/Visual Studio Code/Binaries/resources/app/out/vs/workbench/workbench.main.js:163:45)
    at Object.g [as _notify] (file:///H:/Visual Studio Code/Binaries/resources/app/out/vs/workbench/workbench.main.js:154:729)
    at Object.enter (file:///H:/Visual Studio Code/Binaries/resources/app/out/vs/workbench/workbench.main.js:158:61)
    at n.Class.derive._creator._run (file:///H:/Visual Studio Code/Binaries/resources/app/out/vs/workbench/workbench.main.js:159:902)
    at n.Class.derive._creator._completed (file:///H:/Visual Studio Code/Binaries/resources/app/out/vs/workbench/workbench.main.js:159:343)
    at n.Class.define.cancel.then (file:///H:/Visual Studio Code/Binaries/resources/app/out/vs/workbench/workbench.main.js:161:366)
    at Object.enter (file:///H:/Visual Studio Code/Binaries/resources/app/out/vs/workbench/workbench.main.js:157:109)
    at n.Class.derive._creator._run (file:///H:/Visual Studio Code/Binaries/resources/app/out/vs/workbench/workbench.main.js:159:902)
    at n.Class.derive._creator._setCompleteValue (file:///H:/Visual Studio Code/Binaries/resources/app/out/vs/workbench/workbench.main.js:159:596)
    at Object.g [as _notify] (file:///H:/Visual Studio Code/Binaries/resources/app/out/vs/workbench/workbench.main.js:154:709)
    at Object.enter (file:///H:/Visual Studio Code/Binaries/resources/app/out/vs/workbench/workbench.main.js:158:61)
    at n.Class.derive._oncancel._run (file:///H:/Visual Studio Code/Binaries/resources/app/out/vs/workbench/workbench.main.js:159:902)
    at n.Class.derive._oncancel._completed (file:///H:/Visual Studio Code/Binaries/resources/app/out/vs/workbench/workbench.main.js:159:343)
    at e.resolveOk (file:///H:/Visual Studio Code/Binaries/resources/app/out/vs/workbench/workbench.main.js:3166:685)
    at e._receiveReply (file:///H:/Visual Studio Code/Binaries/resources/app/out/vs/workbench/workbench.main.js:3234:965)
    at e._receiveOneMessage (file:///H:/Visual Studio Code/Binaries/resources/app/out/vs/workbench/workbench.main.js:3233:645)
    at file:///H:/Visual Studio Code/Binaries/resources/app/out/vs/workbench/workbench.main.js:3232:74
    at e.fire (file:///H:/Visual Studio Code/Binaries/resources/app/out/vs/workbench/workbench.main.js:175:76)
    at a (file:///H:/Visual Studio Code/Binaries/resources/app/out/vs/workbench/workbench.main.js:311:740)
    at Socket.n._socketDataListener (file:///H:/Visual Studio Code/Binaries/resources/app/out/vs/workbench/workbench.main.js:311:959)
    at emitOne (events.js:116:13)
    at Socket.emit (events.js:211:7)
    at addChunk (_stream_readable.js:263:12)
    at readableAddChunk (_stream_readable.js:250:11)
    at Socket.Readable.push (_stream_readable.js:208:10)
    at Pipe.onread (net.js:594:20)
